<?xml version="1.0" encoding="UTF-8"?>
<testng-results skipped="0" failed="0" ignored="0" total="1" passed="1">
  <reporter-output>
  </reporter-output>
  <suite name="Suite1" duration-ms="38608" started-at="2020-06-15T14:43:26Z" finished-at="2020-06-15T14:44:05Z">
    <groups>
    </groups>
    <test name="Regression" duration-ms="38608" started-at="2020-06-15T14:43:26Z" finished-at="2020-06-15T14:44:05Z">
      <class name="com.learning.LearnMvn.Learnmvncode">
        <test-method status="PASS" signature="TestM()[pri:0, instance:com.learning.LearnMvn.Learnmvncode@1b604f19]" name="TestM" duration-ms="38476" started-at="2020-06-15T14:43:26Z" finished-at="2020-06-15T14:44:05Z">
          <reporter-output>
          </reporter-output>
        </test-method> <!-- TestM -->
      </class> <!-- com.learning.LearnMvn.Learnmvncode -->
    </test> <!-- Regression -->
  </suite> <!-- Suite1 -->
</testng-results>
